# JRE version: Java(TM) SE Runtime Environment (8.0_101-b13) (build 1.8.0_101-b13)
# Java VM: Java HotSpot(TM) 64-Bit Server VM (25.101-b13 mixed mode windows-amd64 compressed oops)
Heap:
 PSYoungGen      total 227840K, used 42112K [0x00000000d5580000, 0x00000000e5480000, 0x0000000100000000)
  eden space 200704K, 8% used [0x00000000d5580000,0x00000000d65f2018,0x00000000e1980000)
  from space 27136K, 93% used [0x00000000e3900000,0x00000000e51ae278,0x00000000e5380000)
  to   space 30208K, 0% used [0x00000000e1980000,0x00000000e1980000,0x00000000e3700000)
 ParOldGen       total 147456K, used 47054K [0x0000000080000000, 0x0000000089000000, 0x00000000d5580000)
  object space 147456K, 31% used [0x0000000080000000,0x0000000082df3ab0,0x0000000089000000)
 Metaspace       used 79511K, capacity 82956K, committed 83072K, reserved 1120256K
  class space    used 10737K, capacity 11349K, committed 11392K, reserved 1048576K
GC Heap History (10 events):
Event: 15.144 GC heap before
{Heap before GC invocations=15 (full 3):
 PSYoungGen      total 165376K, used 16380K [0x00000000d5580000, 0x00000000e1c80000, 0x0000000100000000)
  eden space 148992K, 0% used [0x00000000d5580000,0x00000000d5580000,0x00000000de700000)
  from space 16384K, 99% used [0x00000000dfb80000,0x00000000e0b7f320,0x00000000e0b80000)
  to   space 20992K, 0% used [0x00000000de700000,0x00000000de700000,0x00000000dfb80000)
 ParOldGen       total 94208K, used 30512K [0x0000000080000000, 0x0000000085c00000, 0x00000000d5580000)
  object space 94208K, 32% used [0x0000000080000000,0x0000000081dcc100,0x0000000085c00000)
 Metaspace       used 56898K, capacity 59130K, committed 59160K, reserved 1099776K
  class space    used 7875K, capacity 8316K, committed 8320K, reserved 1048576K
Event: 15.417 GC heap after
Heap after GC invocations=15 (full 3):
 PSYoungGen      total 165376K, used 0K [0x00000000d5580000, 0x00000000e1c80000, 0x0000000100000000)
  eden space 148992K, 0% used [0x00000000d5580000,0x00000000d5580000,0x00000000de700000)
  from space 16384K, 0% used [0x00000000dfb80000,0x00000000dfb80000,0x00000000e0b80000)
  to   space 20992K, 0% used [0x00000000de700000,0x00000000de700000,0x00000000dfb80000)
 ParOldGen       total 147456K, used 35460K [0x0000000080000000, 0x0000000089000000, 0x00000000d5580000)
  object space 147456K, 24% used [0x0000000080000000,0x00000000822a1338,0x0000000089000000)
 Metaspace       used 56878K, capacity 59064K, committed 59160K, reserved 1099776K
  class space    used 7869K, capacity 8305K, committed 8320K, reserved 1048576K
}
Event: 18.164 GC heap before
{Heap before GC invocations=16 (full 3):
 PSYoungGen      total 165376K, used 148992K [0x00000000d5580000, 0x00000000e1c80000, 0x0000000100000000)
  eden space 148992K, 100% used [0x00000000d5580000,0x00000000de700000,0x00000000de700000)
  from space 16384K, 0% used [0x00000000dfb80000,0x00000000dfb80000,0x00000000e0b80000)
  to   space 20992K, 0% used [0x00000000de700000,0x00000000de700000,0x00000000dfb80000)
 ParOldGen       total 147456K, used 35460K [0x0000000080000000, 0x0000000089000000, 0x00000000d5580000)
  object space 147456K, 24% used [0x0000000080000000,0x00000000822a1338,0x0000000089000000)
 Metaspace       used 65435K, capacity 68268K, committed 68480K, reserved 1107968K
  class space    used 9219K, capacity 9733K, committed 9856K, reserved 1048576K
Event: 18.189 GC heap after
Heap after GC invocations=16 (full 3):
 PSYoungGen      total 169984K, used 14834K [0x00000000d5580000, 0x00000000e2e00000, 0x0000000100000000)
  eden space 148992K, 0% used [0x00000000d5580000,0x00000000d5580000,0x00000000de700000)
  from space 20992K, 70% used [0x00000000de700000,0x00000000df57c8d8,0x00000000dfb80000)
  to   space 21504K, 0% used [0x00000000e1900000,0x00000000e1900000,0x00000000e2e00000)
 ParOldGen       total 147456K, used 35468K [0x0000000080000000, 0x0000000089000000, 0x00000000d5580000)
  object space 147456K, 24% used [0x0000000080000000,0x00000000822a3338,0x0000000089000000)
 Metaspace       used 65435K, capacity 68268K, committed 68480K, reserved 1107968K
  class space    used 9219K, capacity 9733K, committed 9856K, reserved 1048576K
}
Event: 21.195 GC heap before
{Heap before GC invocations=17 (full 3):
 PSYoungGen      total 169984K, used 163826K [0x00000000d5580000, 0x00000000e2e00000, 0x0000000100000000)
  eden space 148992K, 100% used [0x00000000d5580000,0x00000000de700000,0x00000000de700000)
  from space 20992K, 70% used [0x00000000de700000,0x00000000df57c8d8,0x00000000dfb80000)
  to   space 21504K, 0% used [0x00000000e1900000,0x00000000e1900000,0x00000000e2e00000)
 ParOldGen       total 147456K, used 35468K [0x0000000080000000, 0x0000000089000000, 0x00000000d5580000)
  object space 147456K, 24% used [0x0000000080000000,0x00000000822a3338,0x0000000089000000)
 Metaspace       used 68128K, capacity 71086K, committed 71296K, reserved 1110016K
  class space    used 9517K, capacity 10082K, committed 10112K, reserved 1048576K
Event: 21.220 GC heap after
Heap after GC invocations=17 (full 3):
 PSYoungGen      total 197120K, used 15887K [0x00000000d5580000, 0x00000000e2d80000, 0x0000000100000000)
  eden space 176128K, 0% used [0x00000000d5580000,0x00000000d5580000,0x00000000e0180000)
  from space 20992K, 75% used [0x00000000e1900000,0x00000000e2883c10,0x00000000e2d80000)
  to   space 22528K, 0% used [0x00000000e0180000,0x00000000e0180000,0x00000000e1780000)
 ParOldGen       total 147456K, used 35476K [0x0000000080000000, 0x0000000089000000, 0x00000000d5580000)
  object space 147456K, 24% used [0x0000000080000000,0x00000000822a5338,0x0000000089000000)
 Metaspace       used 68128K, capacity 71086K, committed 71296K, reserved 1110016K
  class space    used 9517K, capacity 10082K, committed 10112K, reserved 1048576K
}
Event: 25.259 GC heap before
{Heap before GC invocations=18 (full 3):
 PSYoungGen      total 197120K, used 192015K [0x00000000d5580000, 0x00000000e2d80000, 0x0000000100000000)
  eden space 176128K, 100% used [0x00000000d5580000,0x00000000e0180000,0x00000000e0180000)
  from space 20992K, 75% used [0x00000000e1900000,0x00000000e2883c10,0x00000000e2d80000)
  to   space 22528K, 0% used [0x00000000e0180000,0x00000000e0180000,0x00000000e1780000)
 ParOldGen       total 147456K, used 35476K [0x0000000080000000, 0x0000000089000000, 0x00000000d5580000)
  object space 147456K, 24% used [0x0000000080000000,0x00000000822a5338,0x0000000089000000)
 Metaspace       used 73426K, capacity 76584K, committed 76928K, reserved 1116160K
  class space    used 10172K, capacity 10777K, committed 10880K, reserved 1048576K
Event: 25.292 GC heap after
Heap after GC invocations=18 (full 3):
 PSYoungGen      total 198656K, used 22496K [0x00000000d5580000, 0x00000000e5380000, 0x0000000100000000)
  eden space 176128K, 0% used [0x00000000d5580000,0x00000000d5580000,0x00000000e0180000)
  from space 22528K, 99% used [0x00000000e0180000,0x00000000e1778040,0x00000000e1780000)
  to   space 27136K, 0% used [0x00000000e3900000,0x00000000e3900000,0x00000000e5380000)
 ParOldGen       total 147456K, used 39245K [0x0000000080000000, 0x0000000089000000, 0x00000000d5580000)
  object space 147456K, 26% used [0x0000000080000000,0x00000000826535d0,0x0000000089000000)
 Metaspace       used 73426K, capacity 76584K, committed 76928K, reserved 1116160K
  class space    used 10172K, capacity 10777K, committed 10880K, reserved 1048576K
}
Event: 54.832 GC heap before
{Heap before GC invocations=19 (full 3):
 PSYoungGen      total 198656K, used 198624K [0x00000000d5580000, 0x00000000e5380000, 0x0000000100000000)
  eden space 176128K, 100% used [0x00000000d5580000,0x00000000e0180000,0x00000000e0180000)
  from space 22528K, 99% used [0x00000000e0180000,0x00000000e1778040,0x00000000e1780000)
  to   space 27136K, 0% used [0x00000000e3900000,0x00000000e3900000,0x00000000e5380000)
 ParOldGen       total 147456K, used 39245K [0x0000000080000000, 0x0000000089000000, 0x00000000d5580000)
  object space 147456K, 26% used [0x0000000080000000,0x00000000826535d0,0x0000000089000000)
 Metaspace       used 79467K, capacity 82874K, committed 83072K, reserved 1120256K
  class space    used 10735K, capacity 11346K, committed 11392K, reserved 1048576K
Event: 54.889 GC heap after
Heap after GC invocations=19 (full 3):
 PSYoungGen      total 227840K, used 25272K [0x00000000d5580000, 0x00000000e5480000, 0x0000000100000000)
  eden space 200704K, 0% used [0x00000000d5580000,0x00000000d5580000,0x00000000e1980000)
  from space 27136K, 93% used [0x00000000e3900000,0x00000000e51ae278,0x00000000e5380000)
  to   space 30208K, 0% used [0x00000000e1980000,0x00000000e1980000,0x00000000e3700000)
 ParOldGen       total 147456K, used 47054K [0x0000000080000000, 0x0000000089000000, 0x00000000d5580000)
  object space 147456K, 31% used [0x0000000080000000,0x0000000082df3ab0,0x0000000089000000)
 Metaspace       used 79467K, capacity 82874K, committed 83072K, reserved 1120256K
  class space    used 10735K, capacity 11346K, committed 11392K, reserved 1048576K
}

